  main.cpp
c:\users\junran\desktop\assignment1\assignment1\consoleapplication1\consoleapplication1\main.cpp(24): warning C4838: conversion from 'double' to 'float' requires a narrowing conversion
c:\users\junran\desktop\assignment1\assignment1\consoleapplication1\consoleapplication1\main.cpp(24): warning C4305: 'initializing': truncation from 'double' to 'float'
c:\users\junran\desktop\assignment1\assignment1\consoleapplication1\consoleapplication1\main.cpp(124): warning C4244: '=': conversion from 'double' to 'int', possible loss of data
c:\users\junran\desktop\assignment1\assignment1\consoleapplication1\consoleapplication1\main.cpp(117): warning C4996: 'strtok': This function or variable may be unsafe. Consider using strtok_s instead. To disable deprecation, use _CRT_SECURE_NO_WARNINGS. See online help for details.
  c:\program files (x86)\windows kits\10\include\10.0.10240.0\ucrt\string.h(453): note: see declaration of 'strtok'
c:\users\junran\desktop\assignment1\assignment1\consoleapplication1\consoleapplication1\main.cpp(122): warning C4996: 'strtok': This function or variable may be unsafe. Consider using strtok_s instead. To disable deprecation, use _CRT_SECURE_NO_WARNINGS. See online help for details.
  c:\program files (x86)\windows kits\10\include\10.0.10240.0\ucrt\string.h(453): note: see declaration of 'strtok'
c:\users\junran\desktop\assignment1\assignment1\consoleapplication1\consoleapplication1\main.cpp(129): warning C4996: 'strtok': This function or variable may be unsafe. Consider using strtok_s instead. To disable deprecation, use _CRT_SECURE_NO_WARNINGS. See online help for details.
  c:\program files (x86)\windows kits\10\include\10.0.10240.0\ucrt\string.h(453): note: see declaration of 'strtok'
c:\users\junran\desktop\assignment1\assignment1\consoleapplication1\consoleapplication1\main.cpp(149): warning C4244: '=': conversion from 'double' to 'int', possible loss of data
c:\users\junran\desktop\assignment1\assignment1\consoleapplication1\consoleapplication1\main.cpp(143): warning C4996: 'strtok': This function or variable may be unsafe. Consider using strtok_s instead. To disable deprecation, use _CRT_SECURE_NO_WARNINGS. See online help for details.
  c:\program files (x86)\windows kits\10\include\10.0.10240.0\ucrt\string.h(453): note: see declaration of 'strtok'
c:\users\junran\desktop\assignment1\assignment1\consoleapplication1\consoleapplication1\main.cpp(148): warning C4996: 'strtok': This function or variable may be unsafe. Consider using strtok_s instead. To disable deprecation, use _CRT_SECURE_NO_WARNINGS. See online help for details.
  c:\program files (x86)\windows kits\10\include\10.0.10240.0\ucrt\string.h(453): note: see declaration of 'strtok'
c:\users\junran\desktop\assignment1\assignment1\consoleapplication1\consoleapplication1\main.cpp(154): warning C4996: 'strtok': This function or variable may be unsafe. Consider using strtok_s instead. To disable deprecation, use _CRT_SECURE_NO_WARNINGS. See online help for details.
  c:\program files (x86)\windows kits\10\include\10.0.10240.0\ucrt\string.h(453): note: see declaration of 'strtok'
c:\users\junran\desktop\assignment1\assignment1\consoleapplication1\consoleapplication1\main.cpp(367): warning C4244: '=': conversion from 'double' to 'float', possible loss of data
c:\users\junran\desktop\assignment1\assignment1\consoleapplication1\consoleapplication1\main.cpp(403): warning C4244: '=': conversion from 'double' to 'float', possible loss of data
c:\users\junran\desktop\assignment1\assignment1\consoleapplication1\consoleapplication1\main.cpp(472): warning C4244: '=': conversion from 'double' to 'float', possible loss of data
c:\users\junran\desktop\assignment1\assignment1\consoleapplication1\consoleapplication1\main.cpp(336): warning C4996: 'strcpy': This function or variable may be unsafe. Consider using strcpy_s instead. To disable deprecation, use _CRT_SECURE_NO_WARNINGS. See online help for details.
  c:\program files (x86)\windows kits\10\include\10.0.10240.0\ucrt\string.h(119): note: see declaration of 'strcpy'
c:\users\junran\desktop\assignment1\assignment1\consoleapplication1\consoleapplication1\main.cpp(345): warning C4996: 'strcpy': This function or variable may be unsafe. Consider using strcpy_s instead. To disable deprecation, use _CRT_SECURE_NO_WARNINGS. See online help for details.
  c:\program files (x86)\windows kits\10\include\10.0.10240.0\ucrt\string.h(119): note: see declaration of 'strcpy'
c:\users\junran\desktop\assignment1\assignment1\consoleapplication1\consoleapplication1\main.cpp(357): warning C4996: 'strcpy': This function or variable may be unsafe. Consider using strcpy_s instead. To disable deprecation, use _CRT_SECURE_NO_WARNINGS. See online help for details.
  c:\program files (x86)\windows kits\10\include\10.0.10240.0\ucrt\string.h(119): note: see declaration of 'strcpy'
c:\users\junran\desktop\assignment1\assignment1\consoleapplication1\consoleapplication1\main.cpp(359): warning C4996: 'strtok': This function or variable may be unsafe. Consider using strtok_s instead. To disable deprecation, use _CRT_SECURE_NO_WARNINGS. See online help for details.
  c:\program files (x86)\windows kits\10\include\10.0.10240.0\ucrt\string.h(453): note: see declaration of 'strtok'
c:\users\junran\desktop\assignment1\assignment1\consoleapplication1\consoleapplication1\main.cpp(365): warning C4996: 'strtok': This function or variable may be unsafe. Consider using strtok_s instead. To disable deprecation, use _CRT_SECURE_NO_WARNINGS. See online help for details.
  c:\program files (x86)\windows kits\10\include\10.0.10240.0\ucrt\string.h(453): note: see declaration of 'strtok'
c:\users\junran\desktop\assignment1\assignment1\consoleapplication1\consoleapplication1\main.cpp(395): warning C4996: 'strcpy': This function or variable may be unsafe. Consider using strcpy_s instead. To disable deprecation, use _CRT_SECURE_NO_WARNINGS. See online help for details.
  c:\program files (x86)\windows kits\10\include\10.0.10240.0\ucrt\string.h(119): note: see declaration of 'strcpy'
c:\users\junran\desktop\assignment1\assignment1\consoleapplication1\consoleapplication1\main.cpp(397): warning C4996: 'strtok': This function or variable may be unsafe. Consider using strtok_s instead. To disable deprecation, use _CRT_SECURE_NO_WARNINGS. See online help for details.
  c:\program files (x86)\windows kits\10\include\10.0.10240.0\ucrt\string.h(453): note: see declaration of 'strtok'
c:\users\junran\desktop\assignment1\assignment1\consoleapplication1\consoleapplication1\main.cpp(401): warning C4996: 'strtok': This function or variable may be unsafe. Consider using strtok_s instead. To disable deprecation, use _CRT_SECURE_NO_WARNINGS. See online help for details.
  c:\program files (x86)\windows kits\10\include\10.0.10240.0\ucrt\string.h(453): note: see declaration of 'strtok'
c:\users\junran\desktop\assignment1\assignment1\consoleapplication1\consoleapplication1\main.cpp(422): warning C4996: 'strcpy': This function or variable may be unsafe. Consider using strcpy_s instead. To disable deprecation, use _CRT_SECURE_NO_WARNINGS. See online help for details.
  c:\program files (x86)\windows kits\10\include\10.0.10240.0\ucrt\string.h(119): note: see declaration of 'strcpy'
c:\users\junran\desktop\assignment1\assignment1\consoleapplication1\consoleapplication1\main.cpp(424): warning C4996: 'strtok': This function or variable may be unsafe. Consider using strtok_s instead. To disable deprecation, use _CRT_SECURE_NO_WARNINGS. See online help for details.
  c:\program files (x86)\windows kits\10\include\10.0.10240.0\ucrt\string.h(453): note: see declaration of 'strtok'
c:\users\junran\desktop\assignment1\assignment1\consoleapplication1\consoleapplication1\main.cpp(428): warning C4996: 'strtok': This function or variable may be unsafe. Consider using strtok_s instead. To disable deprecation, use _CRT_SECURE_NO_WARNINGS. See online help for details.
  c:\program files (x86)\windows kits\10\include\10.0.10240.0\ucrt\string.h(453): note: see declaration of 'strtok'
c:\users\junran\desktop\assignment1\assignment1\consoleapplication1\consoleapplication1\main.cpp(463): warning C4996: 'strcpy': This function or variable may be unsafe. Consider using strcpy_s instead. To disable deprecation, use _CRT_SECURE_NO_WARNINGS. See online help for details.
  c:\program files (x86)\windows kits\10\include\10.0.10240.0\ucrt\string.h(119): note: see declaration of 'strcpy'
c:\users\junran\desktop\assignment1\assignment1\consoleapplication1\consoleapplication1\main.cpp(465): warning C4996: 'strtok': This function or variable may be unsafe. Consider using strtok_s instead. To disable deprecation, use _CRT_SECURE_NO_WARNINGS. See online help for details.
  c:\program files (x86)\windows kits\10\include\10.0.10240.0\ucrt\string.h(453): note: see declaration of 'strtok'
c:\users\junran\desktop\assignment1\assignment1\consoleapplication1\consoleapplication1\main.cpp(470): warning C4996: 'strtok': This function or variable may be unsafe. Consider using strtok_s instead. To disable deprecation, use _CRT_SECURE_NO_WARNINGS. See online help for details.
  c:\program files (x86)\windows kits\10\include\10.0.10240.0\ucrt\string.h(453): note: see declaration of 'strtok'
c:\users\junran\desktop\assignment1\assignment1\consoleapplication1\consoleapplication1\main.cpp(493): warning C4996: 'strcpy': This function or variable may be unsafe. Consider using strcpy_s instead. To disable deprecation, use _CRT_SECURE_NO_WARNINGS. See online help for details.
  c:\program files (x86)\windows kits\10\include\10.0.10240.0\ucrt\string.h(119): note: see declaration of 'strcpy'
c:\users\junran\desktop\assignment1\assignment1\consoleapplication1\consoleapplication1\main.cpp(495): warning C4996: 'strtok': This function or variable may be unsafe. Consider using strtok_s instead. To disable deprecation, use _CRT_SECURE_NO_WARNINGS. See online help for details.
  c:\program files (x86)\windows kits\10\include\10.0.10240.0\ucrt\string.h(453): note: see declaration of 'strtok'
c:\users\junran\desktop\assignment1\assignment1\consoleapplication1\consoleapplication1\main.cpp(499): warning C4996: 'strtok': This function or variable may be unsafe. Consider using strtok_s instead. To disable deprecation, use _CRT_SECURE_NO_WARNINGS. See online help for details.
  c:\program files (x86)\windows kits\10\include\10.0.10240.0\ucrt\string.h(453): note: see declaration of 'strtok'
  ConsoleApplication1.vcxproj -> C:\Users\Junran\Desktop\assignment1\assignment1\ConsoleApplication1\Debug\ConsoleApplication1.exe
  ConsoleApplication1.vcxproj -> C:\Users\Junran\Desktop\assignment1\assignment1\ConsoleApplication1\Debug\ConsoleApplication1.pdb (Full PDB)
